<?xml version="1.0" encoding="UTF-8"?>
<robot generator="Robot 4.1.2 (Python 3.9.1 on win32)" generated="20220309 21:17:16.287" rpa="false" schemaversion="2">
<suite id="s1" name="Textbox" source="D:\DOJOBOX\Web Automation\DemoRobot\textbox.robot">
<test id="s1-t1" name="I type valid my name (Havid) in the field">
<kw name="Open Browser" library="SeleniumLibrary" type="SETUP">
<arg>${webURL}</arg>
<arg>${BROWSERS}</arg>
<doc>Opens a new browser instance to the optional ``url``.</doc>
<msg timestamp="20220309 21:17:18.151" level="INFO">Opening browser 'chrome' to base url 'http://uitestingplayground.com/textinput'.</msg>
<status status="PASS" starttime="20220309 21:17:18.149" endtime="20220309 21:17:23.918"/>
</kw>
<kw name="Maximize Browser Window" library="SeleniumLibrary">
<doc>Maximizes current browser window.</doc>
<status status="PASS" starttime="20220309 21:17:23.922" endtime="20220309 21:17:24.109"/>
</kw>
<kw name="Input Text" library="SeleniumLibrary">
<arg>id:newButtonName</arg>
<arg>Havid</arg>
<doc>Types the given ``text`` into the text field identified by ``locator``.</doc>
<msg timestamp="20220309 21:17:24.113" level="INFO">Typing text 'Havid' into text field 'id:newButtonName'.</msg>
<status status="PASS" starttime="20220309 21:17:24.110" endtime="20220309 21:17:24.622"/>
</kw>
<kw name="Click Button" library="SeleniumLibrary">
<arg>id:updatingButton</arg>
<doc>Clicks the button identified by ``locator``.</doc>
<msg timestamp="20220309 21:17:24.624" level="INFO">Clicking button 'id:updatingButton'.</msg>
<status status="PASS" starttime="20220309 21:17:24.623" endtime="20220309 21:17:24.879"/>
</kw>
<kw name="Sleep" library="BuiltIn">
<arg>3</arg>
<doc>Pauses the test executed for the given time.</doc>
<msg timestamp="20220309 21:17:27.884" level="INFO">Slept 3 seconds</msg>
<status status="PASS" starttime="20220309 21:17:24.881" endtime="20220309 21:17:27.885"/>
</kw>
<kw name="Element Should Contain" library="SeleniumLibrary">
<arg>id:updatingButton</arg>
<arg>Havid</arg>
<doc>Verifies that element ``locator`` contains text ``expected``.</doc>
<msg timestamp="20220309 21:17:27.968" level="INFO">Element 'id:updatingButton' contains text 'Havid'.</msg>
<status status="PASS" starttime="20220309 21:17:27.886" endtime="20220309 21:17:27.968"/>
</kw>
<kw name="Close All Browsers" library="SeleniumLibrary" type="TEARDOWN">
<doc>Closes all open browsers and resets the browser cache.</doc>
<status status="PASS" starttime="20220309 21:17:27.970" endtime="20220309 21:17:30.317"/>
</kw>
<status status="PASS" starttime="20220309 21:17:18.145" endtime="20220309 21:17:30.318"/>
</test>
<test id="s1-t2" name="I type valid my name (Tester) in the field">
<kw name="Open Browser" library="SeleniumLibrary" type="SETUP">
<arg>${webURL}</arg>
<arg>${BROWSERS}</arg>
<doc>Opens a new browser instance to the optional ``url``.</doc>
<msg timestamp="20220309 21:17:30.326" level="INFO">Opening browser 'chrome' to base url 'http://uitestingplayground.com/textinput'.</msg>
<status status="PASS" starttime="20220309 21:17:30.324" endtime="20220309 21:17:35.700"/>
</kw>
<kw name="Maximize Browser Window" library="SeleniumLibrary">
<doc>Maximizes current browser window.</doc>
<status status="PASS" starttime="20220309 21:17:35.710" endtime="20220309 21:17:35.942"/>
</kw>
<kw name="Input Text" library="SeleniumLibrary">
<arg>id:newButtonName</arg>
<arg>Tester</arg>
<doc>Types the given ``text`` into the text field identified by ``locator``.</doc>
<msg timestamp="20220309 21:17:35.951" level="INFO">Typing text 'Tester' into text field 'id:newButtonName'.</msg>
<status status="PASS" starttime="20220309 21:17:35.949" endtime="20220309 21:17:36.237"/>
</kw>
<kw name="Click Button" library="SeleniumLibrary">
<arg>id:updatingButton</arg>
<doc>Clicks the button identified by ``locator``.</doc>
<msg timestamp="20220309 21:17:36.240" level="INFO">Clicking button 'id:updatingButton'.</msg>
<status status="PASS" starttime="20220309 21:17:36.239" endtime="20220309 21:17:36.451"/>
</kw>
<kw name="Sleep" library="BuiltIn">
<arg>3</arg>
<doc>Pauses the test executed for the given time.</doc>
<msg timestamp="20220309 21:17:39.454" level="INFO">Slept 3 seconds</msg>
<status status="PASS" starttime="20220309 21:17:36.453" endtime="20220309 21:17:39.455"/>
</kw>
<kw name="Element Text Should Be" library="SeleniumLibrary">
<arg>id:updatingButton</arg>
<arg>Tester</arg>
<doc>Verifies that element ``locator`` contains exact the text ``expected``.</doc>
<msg timestamp="20220309 21:17:39.458" level="WARN">Keyword 'Element Text Should Be' found both from a custom test library 'SeleniumLibrary' and a standard library 'XML'. The custom keyword is used. To select explicitly, and to get rid of this warning, use either 'SeleniumLibrary.Element Text Should Be' or 'XML.Element Text Should Be'.</msg>
<msg timestamp="20220309 21:17:39.478" level="INFO">Verifying element 'id:updatingButton' contains exact text 'Tester'.</msg>
<status status="PASS" starttime="20220309 21:17:39.458" endtime="20220309 21:17:39.651"/>
</kw>
<kw name="Close All Browsers" library="SeleniumLibrary" type="TEARDOWN">
<doc>Closes all open browsers and resets the browser cache.</doc>
<status status="PASS" starttime="20220309 21:17:39.669" endtime="20220309 21:17:41.973"/>
</kw>
<status status="PASS" starttime="20220309 21:17:30.321" endtime="20220309 21:17:41.973"/>
</test>
<test id="s1-t3" name="I type valid my name (Bootcamp) in the field">
<kw name="Open Browser" library="SeleniumLibrary" type="SETUP">
<arg>${webURL}</arg>
<arg>${BROWSERS}</arg>
<doc>Opens a new browser instance to the optional ``url``.</doc>
<msg timestamp="20220309 21:17:41.983" level="INFO">Opening browser 'chrome' to base url 'http://uitestingplayground.com/textinput'.</msg>
<status status="PASS" starttime="20220309 21:17:41.980" endtime="20220309 21:17:46.671"/>
</kw>
<kw name="Maximize Browser Window" library="SeleniumLibrary">
<doc>Maximizes current browser window.</doc>
<status status="PASS" starttime="20220309 21:17:46.673" endtime="20220309 21:17:46.882"/>
</kw>
<kw name="Input Text" library="SeleniumLibrary">
<arg>id:newButtonName</arg>
<arg>Bootcamp</arg>
<doc>Types the given ``text`` into the text field identified by ``locator``.</doc>
<msg timestamp="20220309 21:17:46.886" level="INFO">Typing text 'Bootcamp' into text field 'id:newButtonName'.</msg>
<status status="PASS" starttime="20220309 21:17:46.884" endtime="20220309 21:17:47.310"/>
</kw>
<kw name="Click Button" library="SeleniumLibrary">
<arg>id:updatingButton</arg>
<doc>Clicks the button identified by ``locator``.</doc>
<msg timestamp="20220309 21:17:47.314" level="INFO">Clicking button 'id:updatingButton'.</msg>
<status status="PASS" starttime="20220309 21:17:47.313" endtime="20220309 21:17:47.566"/>
</kw>
<kw name="Sleep" library="BuiltIn">
<arg>3</arg>
<doc>Pauses the test executed for the given time.</doc>
<msg timestamp="20220309 21:17:50.571" level="INFO">Slept 3 seconds</msg>
<status status="PASS" starttime="20220309 21:17:47.568" endtime="20220309 21:17:50.572"/>
</kw>
<kw name="Element Should Contain" library="SeleniumLibrary">
<arg>id:updatingButton</arg>
<arg>Bootcamp</arg>
<doc>Verifies that element ``locator`` contains text ``expected``.</doc>
<msg timestamp="20220309 21:17:50.682" level="INFO">Element 'id:updatingButton' contains text 'Bootcamp'.</msg>
<status status="PASS" starttime="20220309 21:17:50.574" endtime="20220309 21:17:50.682"/>
</kw>
<kw name="Close All Browsers" library="SeleniumLibrary" type="TEARDOWN">
<doc>Closes all open browsers and resets the browser cache.</doc>
<status status="PASS" starttime="20220309 21:17:50.684" endtime="20220309 21:17:53.242"/>
</kw>
<status status="PASS" starttime="20220309 21:17:41.977" endtime="20220309 21:17:53.243"/>
</test>
<status status="PASS" starttime="20220309 21:17:16.296" endtime="20220309 21:17:53.249"/>
</suite>
<statistics>
<total>
<stat pass="3" fail="0" skip="0">All Tests</stat>
</total>
<tag>
</tag>
<suite>
<stat pass="3" fail="0" skip="0" id="s1" name="Textbox">Textbox</stat>
</suite>
</statistics>
<errors>
<msg timestamp="20220309 21:17:39.458" level="WARN">Keyword 'Element Text Should Be' found both from a custom test library 'SeleniumLibrary' and a standard library 'XML'. The custom keyword is used. To select explicitly, and to get rid of this warning, use either 'SeleniumLibrary.Element Text Should Be' or 'XML.Element Text Should Be'.</msg>
</errors>
</robot>
